>22-06-26 14:18:58 [restartedMain] [org.springframework.boot.web.servlet.context.AnnotationConfigServletWebServerApplicationContext:591] WARN  ==>> Exception encountered during context initialization - cancelling refresh attempt: org.springframework.beans.factory.BeanCreationException: Error creating bean with name 'requestMappingHandlerMapping' defined in class path resource [org/springframework/boot/autoconfigure/web/servlet/WebMvcAutoConfiguration$EnableWebMvcConfiguration.class]: Invocation of init method failed; nested exception is java.lang.IllegalStateException: Ambiguous mapping. Cannot map 'restMainNoManageController' method 
com.garam.web.dashboard.controller.RestMainNoManageController#customerList(RsvtDTO)
to {POST [/nomanage/selnom]}: There is already 'restMainGuManageController' bean method
com.garam.web.dashboard.controller.RestMainGuManageController#customerList(RsvtDTO) mapped.
>22-06-26 15:56:51 [HikariPool-1 housekeeper] [com.zaxxer.hikari.pool.HikariPool:788] WARN  ==>> HikariPool-1 - Thread starvation or clock leap detected (housekeeper delta=55s445ms).
>22-06-26 15:58:12 [HikariPool-1 housekeeper] [com.zaxxer.hikari.pool.HikariPool:788] WARN  ==>> HikariPool-1 - Thread starvation or clock leap detected (housekeeper delta=50s924ms).
>22-06-26 15:59:34 [HikariPool-1 housekeeper] [com.zaxxer.hikari.pool.HikariPool:788] WARN  ==>> HikariPool-1 - Thread starvation or clock leap detected (housekeeper delta=51s113ms).
>22-06-26 16:00:54 [HikariPool-1 housekeeper] [com.zaxxer.hikari.pool.HikariPool:788] WARN  ==>> HikariPool-1 - Thread starvation or clock leap detected (housekeeper delta=50s694ms).
>22-06-26 16:01:45 [HikariPool-1 housekeeper] [com.zaxxer.hikari.pool.HikariPool:788] WARN  ==>> HikariPool-1 - Thread starvation or clock leap detected (housekeeper delta=50s968ms).
>22-06-26 16:03:06 [HikariPool-1 housekeeper] [com.zaxxer.hikari.pool.HikariPool:788] WARN  ==>> HikariPool-1 - Thread starvation or clock leap detected (housekeeper delta=50s808ms).
>22-06-26 16:04:27 [HikariPool-1 housekeeper] [com.zaxxer.hikari.pool.HikariPool:788] WARN  ==>> HikariPool-1 - Thread starvation or clock leap detected (housekeeper delta=51s98ms).
>22-06-26 16:05:48 [HikariPool-1 housekeeper] [com.zaxxer.hikari.pool.HikariPool:788] WARN  ==>> HikariPool-1 - Thread starvation or clock leap detected (housekeeper delta=50s950ms).
>22-06-26 16:06:39 [HikariPool-1 housekeeper] [com.zaxxer.hikari.pool.HikariPool:788] WARN  ==>> HikariPool-1 - Thread starvation or clock leap detected (housekeeper delta=51s39ms).
>22-06-26 16:08:00 [HikariPool-1 housekeeper] [com.zaxxer.hikari.pool.HikariPool:788] WARN  ==>> HikariPool-1 - Thread starvation or clock leap detected (housekeeper delta=50s768ms).
>22-06-26 16:09:21 [HikariPool-1 housekeeper] [com.zaxxer.hikari.pool.HikariPool:788] WARN  ==>> HikariPool-1 - Thread starvation or clock leap detected (housekeeper delta=51s42ms).
>22-06-26 16:10:42 [HikariPool-1 housekeeper] [com.zaxxer.hikari.pool.HikariPool:788] WARN  ==>> HikariPool-1 - Thread starvation or clock leap detected (housekeeper delta=50s833ms).
>22-06-26 16:11:33 [HikariPool-1 housekeeper] [com.zaxxer.hikari.pool.HikariPool:788] WARN  ==>> HikariPool-1 - Thread starvation or clock leap detected (housekeeper delta=50s879ms).
>22-06-26 16:12:53 [HikariPool-1 housekeeper] [com.zaxxer.hikari.pool.HikariPool:788] WARN  ==>> HikariPool-1 - Thread starvation or clock leap detected (housekeeper delta=50s657ms).
>22-06-26 16:14:15 [HikariPool-1 housekeeper] [com.zaxxer.hikari.pool.HikariPool:788] WARN  ==>> HikariPool-1 - Thread starvation or clock leap detected (housekeeper delta=51s131ms).
>22-06-26 16:15:35 [HikariPool-1 housekeeper] [com.zaxxer.hikari.pool.HikariPool:788] WARN  ==>> HikariPool-1 - Thread starvation or clock leap detected (housekeeper delta=50s798ms).
>22-06-26 16:16:26 [HikariPool-1 housekeeper] [com.zaxxer.hikari.pool.HikariPool:788] WARN  ==>> HikariPool-1 - Thread starvation or clock leap detected (housekeeper delta=51s24ms).
>22-06-26 16:17:48 [HikariPool-1 housekeeper] [com.zaxxer.hikari.pool.HikariPool:788] WARN  ==>> HikariPool-1 - Thread starvation or clock leap detected (housekeeper delta=51s183ms).
>22-06-26 16:19:09 [HikariPool-1 housekeeper] [com.zaxxer.hikari.pool.HikariPool:788] WARN  ==>> HikariPool-1 - Thread starvation or clock leap detected (housekeeper delta=51s59ms).
>22-06-26 16:20:29 [HikariPool-1 housekeeper] [com.zaxxer.hikari.pool.HikariPool:788] WARN  ==>> HikariPool-1 - Thread starvation or clock leap detected (housekeeper delta=50s732ms).
>22-06-26 16:21:20 [HikariPool-1 housekeeper] [com.zaxxer.hikari.pool.HikariPool:788] WARN  ==>> HikariPool-1 - Thread starvation or clock leap detected (housekeeper delta=50s812ms).
>22-06-26 16:22:42 [HikariPool-1 housekeeper] [com.zaxxer.hikari.pool.HikariPool:788] WARN  ==>> HikariPool-1 - Thread starvation or clock leap detected (housekeeper delta=51s331ms).
>22-06-26 16:24:03 [HikariPool-1 housekeeper] [com.zaxxer.hikari.pool.HikariPool:788] WARN  ==>> HikariPool-1 - Thread starvation or clock leap detected (housekeeper delta=51s87ms).
>22-06-26 16:25:24 [HikariPool-1 housekeeper] [com.zaxxer.hikari.pool.HikariPool:788] WARN  ==>> HikariPool-1 - Thread starvation or clock leap detected (housekeeper delta=50s979ms).
>22-06-26 16:26:15 [HikariPool-1 housekeeper] [com.zaxxer.hikari.pool.HikariPool:788] WARN  ==>> HikariPool-1 - Thread starvation or clock leap detected (housekeeper delta=51s13ms).
>22-06-26 16:27:35 [HikariPool-1 housekeeper] [com.zaxxer.hikari.pool.HikariPool:788] WARN  ==>> HikariPool-1 - Thread starvation or clock leap detected (housekeeper delta=50s819ms).
>22-06-26 16:28:57 [HikariPool-1 housekeeper] [com.zaxxer.hikari.pool.HikariPool:788] WARN  ==>> HikariPool-1 - Thread starvation or clock leap detected (housekeeper delta=51s199ms).
>22-06-26 16:30:18 [HikariPool-1 housekeeper] [com.zaxxer.hikari.pool.HikariPool:788] WARN  ==>> HikariPool-1 - Thread starvation or clock leap detected (housekeeper delta=50s982ms).
>22-06-26 16:31:09 [HikariPool-1 housekeeper] [com.zaxxer.hikari.pool.HikariPool:788] WARN  ==>> HikariPool-1 - Thread starvation or clock leap detected (housekeeper delta=50s884ms).
>22-06-26 16:32:29 [HikariPool-1 housekeeper] [com.zaxxer.hikari.pool.HikariPool:788] WARN  ==>> HikariPool-1 - Thread starvation or clock leap detected (housekeeper delta=50s913ms).
>22-06-26 16:33:51 [HikariPool-1 housekeeper] [com.zaxxer.hikari.pool.HikariPool:788] WARN  ==>> HikariPool-1 - Thread starvation or clock leap detected (housekeeper delta=51s267ms).
>22-06-26 16:35:12 [HikariPool-1 housekeeper] [com.zaxxer.hikari.pool.HikariPool:788] WARN  ==>> HikariPool-1 - Thread starvation or clock leap detected (housekeeper delta=50s870ms).
>22-06-26 16:36:33 [HikariPool-1 housekeeper] [com.zaxxer.hikari.pool.HikariPool:788] WARN  ==>> HikariPool-1 - Thread starvation or clock leap detected (housekeeper delta=51s70ms).
>22-06-26 16:37:25 [HikariPool-1 housekeeper] [com.zaxxer.hikari.pool.HikariPool:788] WARN  ==>> HikariPool-1 - Thread starvation or clock leap detected (housekeeper delta=52s635ms).
>22-06-26 16:38:47 [HikariPool-1 housekeeper] [com.zaxxer.hikari.pool.HikariPool:788] WARN  ==>> HikariPool-1 - Thread starvation or clock leap detected (housekeeper delta=50s938ms).
>22-06-26 16:40:08 [HikariPool-1 housekeeper] [com.zaxxer.hikari.pool.HikariPool:788] WARN  ==>> HikariPool-1 - Thread starvation or clock leap detected (housekeeper delta=51s14ms).
>22-06-26 16:41:28 [HikariPool-1 housekeeper] [com.zaxxer.hikari.pool.HikariPool:788] WARN  ==>> HikariPool-1 - Thread starvation or clock leap detected (housekeeper delta=50s708ms).
>22-06-26 16:57:50 [restartedMain] [org.springframework.boot.web.servlet.context.AnnotationConfigServletWebServerApplicationContext:591] WARN  ==>> Exception encountered during context initialization - cancelling refresh attempt: org.springframework.beans.factory.UnsatisfiedDependencyException: Error creating bean with name 'indexController' defined in file [/Users/songgaram/git/garam02/bin/main/com/garam/IndexController.class]: Unsatisfied dependency expressed through constructor parameter 0; nested exception is org.springframework.beans.factory.UnsatisfiedDependencyException: Error creating bean with name 'companyServiceImple' defined in file [/Users/songgaram/git/garam02/bin/main/com/garam/company/service/CompanyServiceImple.class]: Unsatisfied dependency expressed through constructor parameter 0; nested exception is org.springframework.beans.factory.UnsatisfiedDependencyException: Error creating bean with name 'companyMapper' defined in file [/Users/songgaram/git/garam02/bin/main/com/garam/company/mapper/CompanyMapper.class]: Unsatisfied dependency expressed through bean property 'sqlSessionFactory'; nested exception is org.springframework.beans.factory.BeanCreationException: Error creating bean with name 'sqlSessionFactory' defined in class path resource [com/garam/configuration/DBConfiguration.class]: Bean instantiation via factory method failed; nested exception is org.springframework.beans.BeanInstantiationException: Failed to instantiate [org.apache.ibatis.session.SqlSessionFactory]: Factory method 'sqlSessionFactory' threw exception; nested exception is org.springframework.core.NestedIOException: Failed to parse mapping resource: 'file [/Users/songgaram/git/garam02/bin/main/mappers/Dashboard/DashboardMapper.xml]'; nested exception is org.apache.ibatis.builder.BuilderException: Error parsing Mapper XML. The XML location is 'file [/Users/songgaram/git/garam02/bin/main/mappers/Dashboard/DashboardMapper.xml]'. Cause: java.lang.IllegalArgumentException: Mapped Statements collection already contains value for com.garam.web.dashboard.mapper.DashboardMapper.selectGuManageList. please check file [/Users/songgaram/git/garam02/bin/main/mappers/Dashboard/DashboardMapper.xml] and file [/Users/songgaram/git/garam02/bin/main/mappers/Dashboard/DashboardMapper.xml]
>22-06-26 22:36:12 [HikariPool-1 housekeeper] [com.zaxxer.hikari.pool.HikariPool:780] WARN  ==>> HikariPool-1 - Retrograde clock change detected (housekeeper delta=27s956ms), soft-evicting connections from pool.
